#
# There is insufficient memory for the Java Runtime Environment to continue.
# Native memory allocation (malloc) failed to allocate 857936 bytes. Error detail: Chunk::new
# Possible reasons:
#   The system is out of physical RAM or swap space
#   This process is running with CompressedOops enabled, and the Java Heap may be blocking the growth of the native heap
# Possible solutions:
#   Reduce memory load on the system
#   Increase physical memory or swap space
#   Check if swap backing store is full
#   Decrease Java heap size (-Xmx/-Xms)
#   Decrease number of Java threads
#   Decrease Java thread stack sizes (-Xss)
#   Set larger code cache with -XX:ReservedCodeCacheSize=
#   JVM is running with Unscaled Compressed Oops mode in which the Java heap is
#     placed in the first 4GB address space. The Java Heap base address is the
#     maximum limit for the native heap growth. Please use -XX:HeapBaseMinAddress
#     to set the Java Heap base and to place the Java Heap above 4GB virtual address.
# This output file may be truncated or incomplete.
#
#  Out of Memory Error (arena.cpp:168), pid=5224, tid=5692
#
# JRE version: OpenJDK Runtime Environment Temurin-21.0.9+10 (21.0.9+10) (build 21.0.9+10-LTS)
# Java VM: OpenJDK 64-Bit Server VM Temurin-21.0.9+10 (21.0.9+10-LTS, mixed mode, sharing, tiered, compressed oops, compressed class ptrs, parallel gc, windows-amd64)
# No core dump will be written. Minidumps are not enabled by default on client versions of Windows
#

---------------  S U M M A R Y ------------

Command Line: --add-modules=ALL-SYSTEM --add-opens=java.base/java.util=ALL-UNNAMED --add-opens=java.base/java.lang=ALL-UNNAMED --add-opens=java.base/sun.nio.fs=ALL-UNNAMED -Declipse.application=org.eclipse.jdt.ls.core.id1 -Dosgi.bundles.defaultStartLevel=4 -Declipse.product=org.eclipse.jdt.ls.core.product -Djava.import.generatesMetadataFilesAtProjectRoot=false -DDetectVMInstallationsJob.disabled=true -Dfile.encoding=utf8 -XX:+UseParallelGC -XX:GCTimeRatio=4 -XX:AdaptiveSizePolicyWeight=90 -Dsun.zip.disableMemoryMapping=true -Xmx2G -Xms100m -Xlog:disable -javaagent:c:\Users\Usuario\.antigravity\extensions\redhat.java-1.50.0-win32-x64\lombok\lombok-1.18.39-4050.jar -XX:+HeapDumpOnOutOfMemoryError -XX:HeapDumpPath=c:\Users\Usuario\AppData\Roaming\Antigravity\User\workspaceStorage\3bbe0759929431d1c9bc6e734c835d28\redhat.java -Daether.dependencyCollector.impl=bf c:\Users\Usuario\.antigravity\extensions\redhat.java-1.50.0-win32-x64\server\plugins\org.eclipse.equinox.launcher_1.7.100.v20251111-0406.jar -configuration c:\Users\Usuario\AppData\Roaming\Antigravity\User\globalStorage\redhat.java\1.50.0\config_win -data c:\Users\Usuario\AppData\Roaming\Antigravity\User\workspaceStorage\3bbe0759929431d1c9bc6e734c835d28\redhat.java\jdt_ws --pipe=\\.\pipe\lsp-01d7d61e3235cd8587013b3b3f216efa-sock

Host: Intel(R) Core(TM) i5-8250U CPU @ 1.60GHz, 8 cores, 7G,  Windows 11 , 64 bit Build 22621 (10.0.22621.5415)
Time: Fri Dec 26 19:52:31 2025 Hora estándar de Venezuela elapsed time: 882.785422 seconds (0d 0h 14m 42s)

---------------  T H R E A D  ---------------

Current thread (0x000002737447b5a0):  JavaThread "C2 CompilerThread0" daemon [_thread_in_native, id=5692, stack(0x000000762a700000,0x000000762a800000) (1024K)]


Current CompileTask:
C2:882786 8064   !   4       com.sun.crypto.provider.GaloisCounterMode$GCMDecrypt::doFinal (628 bytes)

Stack: [0x000000762a700000,0x000000762a800000]
Native frames: (J=compiled Java code, j=interpreted, Vv=VM code, C=native code)
V  [jvm.dll+0x6d6e29]
V  [jvm.dll+0x8b4b76]
V  [jvm.dll+0x8b712e]
V  [jvm.dll+0x8b7813]
V  [jvm.dll+0x283d86]
V  [jvm.dll+0xc66ed]
V  [jvm.dll+0xc6c31]
V  [jvm.dll+0x3be501]
V  [jvm.dll+0x38ab92]
V  [jvm.dll+0x389fda]
V  [jvm.dll+0x24bfa0]
V  [jvm.dll+0x24b580]
V  [jvm.dll+0x1cb13e]
V  [jvm.dll+0x25b29d]
V  [jvm.dll+0x25982a]
V  [jvm.dll+0x3f7ea6]
V  [jvm.dll+0x85e9ad]
V  [jvm.dll+0x6d565d]
C  [ucrtbase.dll+0x29333]
C  [KERNEL32.DLL+0x1259d]
C  [ntdll.dll+0x5af78]


---------------  P R O C E S S  ---------------

Threads class SMR info:
_java_thread_list=0x000002737cadabb0, length=52, elements={
0x000002735d9fd0f0, 0x000002735dabb720, 0x000002735dabcf20, 0x0000027374474bd0,
0x0000027374477c50, 0x0000027374478d10, 0x000002737447a770, 0x000002737447b5a0,
0x000002737a03dee0, 0x000002737a1cc030, 0x000002737a309e80, 0x000002737a5179a0,
0x000002737aac3dd0, 0x000002737ab40410, 0x000002737ab40e40, 0x000002737ae65a60,
0x000002737adcdef0, 0x000002737a96d500, 0x000002737aebdb30, 0x000002737b0f6d20,
0x000002737b0f5970, 0x000002737b0f6690, 0x000002737b0f6000, 0x000002737bff5fa0,
0x000002737bff6630, 0x000002737bff3840, 0x000002737bff4bf0, 0x000002737bff3ed0,
0x000002737bfef6a0, 0x000002737bff2b20, 0x000002737bff5280, 0x000002737bff03c0,
0x000002737bff6cc0, 0x000002737bff4560, 0x000002737bfefd30, 0x000002737bff5910,
0x000002737bff10e0, 0x000002737bff31b0, 0x000002737bff1770, 0x000002737bff1e00,
0x000002737b0f8760, 0x000002737b0f73b0, 0x000002737bff2490, 0x000002737b0f80d0,
0x000002737b0f52e0, 0x000002737cb60030, 0x000002737cb65580, 0x000002737cb65c10,
0x000002737cb64ef0, 0x000002737cb5ec80, 0x000002737cb5f9a0, 0x000002737cb62e20
}

Java Threads: ( => current thread )
  0x000002735d9fd0f0 JavaThread "main"                              [_thread_blocked, id=12748, stack(0x0000007629d00000,0x0000007629e00000) (1024K)]
  0x000002735dabb720 JavaThread "Reference Handler"          daemon [_thread_blocked, id=6244, stack(0x000000762a100000,0x000000762a200000) (1024K)]
  0x000002735dabcf20 JavaThread "Finalizer"                  daemon [_thread_blocked, id=9508, stack(0x000000762a200000,0x000000762a300000) (1024K)]
  0x0000027374474bd0 JavaThread "Signal Dispatcher"          daemon [_thread_blocked, id=4160, stack(0x000000762a300000,0x000000762a400000) (1024K)]
  0x0000027374477c50 JavaThread "Attach Listener"            daemon [_thread_blocked, id=7360, stack(0x000000762a400000,0x000000762a500000) (1024K)]
  0x0000027374478d10 JavaThread "Service Thread"             daemon [_thread_blocked, id=2892, stack(0x000000762a500000,0x000000762a600000) (1024K)]
  0x000002737447a770 JavaThread "Monitor Deflation Thread"   daemon [_thread_blocked, id=2132, stack(0x000000762a600000,0x000000762a700000) (1024K)]
=>0x000002737447b5a0 JavaThread "C2 CompilerThread0"         daemon [_thread_in_native, id=5692, stack(0x000000762a700000,0x000000762a800000) (1024K)]
  0x000002737a03dee0 JavaThread "C1 CompilerThread0"         daemon [_thread_blocked, id=9192, stack(0x000000762a800000,0x000000762a900000) (1024K)]
  0x000002737a1cc030 JavaThread "Common-Cleaner"             daemon [_thread_blocked, id=12668, stack(0x000000762a900000,0x000000762aa00000) (1024K)]
  0x000002737a309e80 JavaThread "Notification Thread"        daemon [_thread_blocked, id=2720, stack(0x000000762aa00000,0x000000762ab00000) (1024K)]
  0x000002737a5179a0 JavaThread "Active Thread: Equinox Container: baaa9747-d5c1-4af1-a0c3-a413c142649e"        [_thread_blocked, id=11312, stack(0x000000762b100000,0x000000762b200000) (1024K)]
  0x000002737aac3dd0 JavaThread "Refresh Thread: Equinox Container: baaa9747-d5c1-4af1-a0c3-a413c142649e" daemon [_thread_blocked, id=12728, stack(0x000000762b200000,0x000000762b300000) (1024K)]
  0x000002737ab40410 JavaThread "Framework Event Dispatcher: Equinox Container: baaa9747-d5c1-4af1-a0c3-a413c142649e" daemon [_thread_blocked, id=4212, stack(0x000000762b400000,0x000000762b500000) (1024K)]
  0x000002737ab40e40 JavaThread "Start Level: Equinox Container: baaa9747-d5c1-4af1-a0c3-a413c142649e" daemon [_thread_blocked, id=4608, stack(0x000000762b500000,0x000000762b600000) (1024K)]
  0x000002737ae65a60 JavaThread "Bundle File Closer"         daemon [_thread_blocked, id=4620, stack(0x000000762b600000,0x000000762b700000) (1024K)]
  0x000002737adcdef0 JavaThread "SCR Component Actor"        daemon [_thread_blocked, id=2936, stack(0x000000762b700000,0x000000762b800000) (1024K)]
  0x000002737a96d500 JavaThread "Worker-JM"                         [_thread_blocked, id=17324, stack(0x000000762b800000,0x000000762b900000) (1024K)]
  0x000002737aebdb30 JavaThread "Worker-0"                          [_thread_blocked, id=260, stack(0x000000762b900000,0x000000762ba00000) (1024K)]
  0x000002737b0f6d20 JavaThread "Worker-2: Compacting resource model"        [_thread_blocked, id=13248, stack(0x000000762bb00000,0x000000762bc00000) (1024K)]
  0x000002737b0f5970 JavaThread "Java indexing"              daemon [_thread_blocked, id=15164, stack(0x000000762bd00000,0x000000762be00000) (1024K)]
  0x000002737b0f6690 JavaThread "JNA Cleaner"                daemon [_thread_blocked, id=3696, stack(0x000000762be00000,0x000000762bf00000) (1024K)]
  0x000002737b0f6000 JavaThread "Worker-5: Initialize Workspace"        [_thread_blocked, id=4428, stack(0x000000762c200000,0x000000762c300000) (1024K)]
  0x000002737bff5fa0 JavaThread "Thread-1"                   daemon [_thread_in_native, id=16700, stack(0x000000762c300000,0x000000762c400000) (1024K)]
  0x000002737bff6630 JavaThread "Thread-2"                   daemon [_thread_in_native, id=8900, stack(0x000000762c400000,0x000000762c500000) (1024K)]
  0x000002737bff3840 JavaThread "Thread-3"                   daemon [_thread_in_native, id=14464, stack(0x000000762c500000,0x000000762c600000) (1024K)]
  0x000002737bff4bf0 JavaThread "Thread-4"                   daemon [_thread_in_native, id=16800, stack(0x000000762c600000,0x000000762c700000) (1024K)]
  0x000002737bff3ed0 JavaThread "Thread-5"                   daemon [_thread_in_native, id=7480, stack(0x000000762c700000,0x000000762c800000) (1024K)]
  0x000002737bfef6a0 JavaThread "Thread-6"                   daemon [_thread_in_native, id=15824, stack(0x000000762c800000,0x000000762c900000) (1024K)]
  0x000002737bff2b20 JavaThread "Thread-7"                   daemon [_thread_in_native, id=16352, stack(0x000000762c900000,0x000000762ca00000) (1024K)]
  0x000002737bff5280 JavaThread "Thread-8"                   daemon [_thread_in_native, id=11428, stack(0x000000762ca00000,0x000000762cb00000) (1024K)]
  0x000002737bff03c0 JavaThread "Thread-9"                   daemon [_thread_in_native, id=2380, stack(0x000000762cb00000,0x000000762cc00000) (1024K)]
  0x000002737bff6cc0 JavaThread "pool-2-thread-1"                   [_thread_blocked, id=5048, stack(0x000000762cc00000,0x000000762cd00000) (1024K)]
  0x000002737bff4560 JavaThread "WorkspaceEventsHandler"            [_thread_blocked, id=13748, stack(0x000000762cd00000,0x000000762ce00000) (1024K)]
  0x000002737bfefd30 JavaThread "pool-1-thread-1"                   [_thread_blocked, id=13328, stack(0x000000762ce00000,0x000000762cf00000) (1024K)]
  0x000002737bff5910 JavaThread "Timer-0"                           [_thread_blocked, id=11512, stack(0x000000762d100000,0x000000762d200000) (1024K)]
  0x000002737bff10e0 JavaThread "Timer-1"                           [_thread_blocked, id=17816, stack(0x0000007629b00000,0x0000007629c00000) (1024K)]
  0x000002737bff31b0 JavaThread "Timer-2"                           [_thread_blocked, id=13620, stack(0x0000007629c00000,0x0000007629d00000) (1024K)]
  0x000002737bff1770 JavaThread "Worker-6"                          [_thread_blocked, id=2580, stack(0x000000762ba00000,0x000000762bb00000) (1024K)]
  0x000002737bff1e00 JavaThread "Timer-3"                           [_thread_blocked, id=1968, stack(0x000000762bc00000,0x000000762bd00000) (1024K)]
  0x000002737b0f8760 JavaThread "Timer-4"                           [_thread_blocked, id=1896, stack(0x000000762d000000,0x000000762d100000) (1024K)]
  0x000002737b0f73b0 JavaThread "Timer-5"                           [_thread_blocked, id=8628, stack(0x000000762bf00000,0x000000762c000000) (1024K)]
  0x000002737bff2490 JavaThread "Timer-6"                           [_thread_blocked, id=14796, stack(0x000000762c000000,0x000000762c100000) (1024K)]
  0x000002737b0f80d0 JavaThread "Timer-7"                           [_thread_blocked, id=12156, stack(0x000000762c100000,0x000000762c200000) (1024K)]
  0x000002737b0f52e0 JavaThread "Timer-8"                           [_thread_blocked, id=11100, stack(0x000000762d200000,0x000000762d300000) (1024K)]
  0x000002737cb60030 JavaThread "Timer-9"                           [_thread_blocked, id=5924, stack(0x000000762d300000,0x000000762d400000) (1024K)]
  0x000002737cb65580 JavaThread "Timer-10"                          [_thread_blocked, id=15316, stack(0x000000762d400000,0x000000762d500000) (1024K)]
  0x000002737cb65c10 JavaThread "Timer-11"                          [_thread_blocked, id=11348, stack(0x000000762d500000,0x000000762d600000) (1024K)]
  0x000002737cb64ef0 JavaThread "Timer-12"                          [_thread_blocked, id=17500, stack(0x000000762d600000,0x000000762d700000) (1024K)]
  0x000002737cb5ec80 JavaThread "Timer-13"                          [_thread_blocked, id=17672, stack(0x000000762d700000,0x000000762d800000) (1024K)]
  0x000002737cb5f9a0 JavaThread "Connection worker"                 [_thread_blocked, id=17660, stack(0x000000762d800000,0x000000762d900000) (1024K)]
  0x000002737cb62e20 JavaThread "Distribution download"      daemon [_thread_in_native, id=17668, stack(0x000000762d900000,0x000000762da00000) (1024K)]
Total: 52

Other Threads:
  0x000002735daa0ab0 VMThread "VM Thread"                           [id=12316, stack(0x000000762a000000,0x000000762a100000) (1024K)]
  0x000002737438ca10 WatcherThread "VM Periodic Task Thread"        [id=17292, stack(0x0000007629f00000,0x000000762a000000) (1024K)]
  0x000002735da1c7d0 WorkerThread "GC Thread#0"                     [id=10996, stack(0x0000007629e00000,0x0000007629f00000) (1024K)]
  0x000002737a5cf790 WorkerThread "GC Thread#1"                     [id=3408, stack(0x000000762ab00000,0x000000762ac00000) (1024K)]
  0x000002737a3afea0 WorkerThread "GC Thread#2"                     [id=13252, stack(0x000000762ac00000,0x000000762ad00000) (1024K)]
  0x000002737a5cfb30 WorkerThread "GC Thread#3"                     [id=4152, stack(0x000000762ad00000,0x000000762ae00000) (1024K)]
  0x000002737ac006c0 WorkerThread "GC Thread#4"                     [id=10676, stack(0x000000762ae00000,0x000000762af00000) (1024K)]
  0x000002737ac00a60 WorkerThread "GC Thread#5"                     [id=13320, stack(0x000000762af00000,0x000000762b000000) (1024K)]
  0x000002737ab016d0 WorkerThread "GC Thread#6"                     [id=1584, stack(0x000000762b000000,0x000000762b100000) (1024K)]
  0x000002737abba6b0 WorkerThread "GC Thread#7"                     [id=10812, stack(0x000000762b300000,0x000000762b400000) (1024K)]
Total: 10

Threads with active compile tasks:
C2 CompilerThread0  882918 8064   !   4       com.sun.crypto.provider.GaloisCounterMode$GCMDecrypt::doFinal (628 bytes)
Total: 1

VM state: not at safepoint (normal execution)

VM Mutex/Monitor currently owned by a thread: None

Heap address: 0x0000000080000000, size: 2048 MB, Compressed Oops mode: 32-bit

CDS archive(s) mapped at: [0x0000027300000000-0x0000027300ba0000-0x0000027300ba0000), size 12189696, SharedBaseAddress: 0x0000027300000000, ArchiveRelocationMode: 1.
Compressed class space mapped at: 0x0000027301000000-0x0000027341000000, reserved size: 1073741824
Narrow klass base: 0x0000027300000000, Narrow klass shift: 0, Narrow klass range: 0x100000000

GC Precious Log:
 CardTable entry size: 512
 CPUs: 8 total, 8 available
 Memory: 8051M
 Large Page Support: Disabled
 NUMA Support: Disabled
 Compressed Oops: Enabled (32-bit)
 Alignments: Space 512K, Generation 512K, Heap 2M
 Heap Min Capacity: 100M
 Heap Initial Capacity: 100M
 Heap Max Capacity: 2G
 Pre-touch: Disabled
 Parallel Workers: 8

Heap:
 PSYoungGen      total 22528K, used 20613K [0x00000000d5580000, 0x00000000d6f80000, 0x0000000100000000)
  eden space 22016K, 92% used [0x00000000d5580000,0x00000000d695d730,0x00000000d6b00000)
  from space 512K, 53% used [0x00000000d6f00000,0x00000000d6f44010,0x00000000d6f80000)
  to   space 512K, 0% used [0x00000000d6e80000,0x00000000d6e80000,0x00000000d6f00000)
 ParOldGen       total 68608K, used 27093K [0x0000000080000000, 0x0000000084300000, 0x00000000d5580000)
  object space 68608K, 39% used [0x0000000080000000,0x0000000081a757d8,0x0000000084300000)
 Metaspace       used 52821K, committed 53888K, reserved 1114112K
  class space    used 5864K, committed 6336K, reserved 1048576K

Card table byte_map: [0x000002735d3d0000,0x000002735d7e0000] _byte_map_base: 0x000002735cfd0000

Marking Bits: (ParMarkBitMap*) 0x00007fff9c552460
 Begin Bits: [0x000002736feb0000, 0x0000027371eb0000)
 End Bits:   [0x0000027371eb0000, 0x0000027373eb0000)

Polling page: 0x000002735d1c0000

Metaspace:

Usage:
  Non-class:     45.86 MB used.
      Class:      5.73 MB used.
       Both:     51.58 MB used.

Virtual space:
  Non-class space:       64.00 MB reserved,      46.44 MB ( 73%) committed,  1 nodes.
      Class space:        1.00 GB reserved,       6.19 MB ( <1%) committed,  1 nodes.
             Both:        1.06 GB reserved,      52.62 MB (  5%) committed. 

Chunk freelists:
   Non-Class:  833.00 KB
       Class:  9.84 MB
        Both:  10.65 MB

MaxMetaspaceSize: unlimited
CompressedClassSpaceSize: 1.00 GB
Initial GC threshold: 21.00 MB
Current GC threshold: 58.38 MB
CDS: on
 - commit_granule_bytes: 65536.
 - commit_granule_words: 8192.
 - virtual_space_node_default_size: 8388608.
 - enlarge_chunks_in_place: 1.
 - use_allocation_guard: 0.


Internal statistics:

num_allocs_failed_limit: 6.
num_arena_births: 808.
num_arena_deaths: 16.
num_vsnodes_births: 2.
num_vsnodes_deaths: 0.
num_space_committed: 842.
num_space_uncommitted: 0.
num_chunks_returned_to_freelist: 23.
num_chunks_taken_from_freelist: 2916.
num_chunk_merges: 9.
num_chunk_splits: 1811.
num_chunks_enlarged: 1083.
num_inconsistent_stats: 0.

CodeHeap 'non-profiled nmethods': size=120000Kb used=4317Kb max_used=4317Kb free=115682Kb
 bounds [0x00000273686d0000, 0x0000027368b10000, 0x000002736fc00000]
CodeHeap 'profiled nmethods': size=120000Kb used=15277Kb max_used=15277Kb free=104722Kb
 bounds [0x0000027360c00000, 0x0000027361af0000, 0x0000027368130000]
CodeHeap 'non-nmethods': size=5760Kb used=1408Kb max_used=1502Kb free=4351Kb
 bounds [0x0000027368130000, 0x00000273683a0000, 0x00000273686d0000]
CodeCache: size=245760Kb, used=21002Kb, max_used=21096Kb, free=224755Kb
 total_blobs=8221, nmethods=7509, adapters=618, full_count=0
Compilation: enabled, stopped_count=0, restarted_count=0

Compilation events (20 events):
Event: 814.923 Thread 0x000002737a03dee0 nmethod 8054 0x0000027361aea310 code [0x0000027361aea580, 0x0000027361aead40]
Event: 815.514 Thread 0x000002737447b5a0 8055       4       org.eclipse.jdt.ls.core.internal.JobHelpers::getJob (50 bytes)
Event: 815.563 Thread 0x000002737447b5a0 nmethod 8055 0x0000027368b02f90 code [0x0000027368b031c0, 0x0000027368b039e8]
Event: 823.394 Thread 0x000002737447b5a0 8056       4       java.nio.ByteBuffer::get (54 bytes)
Event: 823.442 Thread 0x000002737447b5a0 nmethod 8056 0x0000027368b04110 code [0x0000027368b042e0, 0x0000027368b04888]
Event: 828.312 Thread 0x000002737447b5a0 8057   !   4       sun.nio.ch.NioSocketImpl::tryRead (87 bytes)
Event: 828.349 Thread 0x000002737447b5a0 nmethod 8057 0x0000027368b04e10 code [0x0000027368b05060, 0x0000027368b05970]
Event: 838.963 Thread 0x000002737447b5a0 8058   !   4       java.lang.Object::wait (50 bytes)
Event: 838.972 Thread 0x000002737447b5a0 nmethod 8058 0x0000027368b06510 code [0x0000027368b066e0, 0x0000027368b068a8]
Event: 848.270 Thread 0x000002737447b5a0 8059       4       javax.crypto.Cipher::checkCipherState (53 bytes)
Event: 848.274 Thread 0x000002737447b5a0 nmethod 8059 0x0000027368b06b10 code [0x0000027368b06ca0, 0x0000027368b06d88]
Event: 867.715 Thread 0x000002737a03dee0 8060       1       org.gradle.tooling.internal.consumer.DistributionInstaller::access$100 (5 bytes)
Event: 867.716 Thread 0x000002737a03dee0 nmethod 8060 0x0000027368b06e90 code [0x0000027368b07020, 0x0000027368b070d0]
Event: 867.716 Thread 0x000002737a03dee0 8061       1       org.gradle.tooling.internal.consumer.DistributionInstaller::access$200 (5 bytes)
Event: 867.716 Thread 0x000002737a03dee0 nmethod 8061 0x0000027368b07190 code [0x0000027368b07320, 0x0000027368b073d0]
Event: 875.055 Thread 0x000002737a03dee0 8062       3       java.util.concurrent.ThreadPoolExecutor$Worker::tryAcquire (20 bytes)
Event: 875.056 Thread 0x000002737a03dee0 nmethod 8062 0x0000027361aeb010 code [0x0000027361aeb1c0, 0x0000027361aeb3c8]
Event: 878.442 Thread 0x000002737447b5a0 8063   !   4       javax.crypto.Cipher::chooseFirstProvider (302 bytes)
Event: 878.446 Thread 0x000002737447b5a0 nmethod 8063 0x0000027368b07490 code [0x0000027368b07620, 0x0000027368b076d0]
Event: 882.440 Thread 0x000002737447b5a0 8064   !   4       com.sun.crypto.provider.GaloisCounterMode$GCMDecrypt::doFinal (628 bytes)

GC Heap History (20 events):
Event: 788.527 GC heap before
{Heap before GC invocations=29 (full 2):
 PSYoungGen      total 22528K, used 22320K [0x00000000d5580000, 0x00000000d6f80000, 0x0000000100000000)
  eden space 22016K, 100% used [0x00000000d5580000,0x00000000d6b00000,0x00000000d6b00000)
  from space 512K, 59% used [0x00000000d6f00000,0x00000000d6f4c010,0x00000000d6f80000)
  to   space 512K, 0% used [0x00000000d6e80000,0x00000000d6e80000,0x00000000d6f00000)
 ParOldGen       total 68608K, used 26385K [0x0000000080000000, 0x0000000084300000, 0x00000000d5580000)
  object space 68608K, 38% used [0x0000000080000000,0x00000000819c4708,0x0000000084300000)
 Metaspace       used 52686K, committed 53760K, reserved 1114112K
  class space    used 5862K, committed 6336K, reserved 1048576K
}
Event: 788.529 GC heap after
{Heap after GC invocations=29 (full 2):
 PSYoungGen      total 22528K, used 160K [0x00000000d5580000, 0x00000000d6f80000, 0x0000000100000000)
  eden space 22016K, 0% used [0x00000000d5580000,0x00000000d5580000,0x00000000d6b00000)
  from space 512K, 31% used [0x00000000d6e80000,0x00000000d6ea8000,0x00000000d6f00000)
  to   space 512K, 0% used [0x00000000d6f00000,0x00000000d6f00000,0x00000000d6f80000)
 ParOldGen       total 68608K, used 26433K [0x0000000080000000, 0x0000000084300000, 0x00000000d5580000)
  object space 68608K, 38% used [0x0000000080000000,0x00000000819d0708,0x0000000084300000)
 Metaspace       used 52686K, committed 53760K, reserved 1114112K
  class space    used 5862K, committed 6336K, reserved 1048576K
}
Event: 789.180 GC heap before
{Heap before GC invocations=30 (full 2):
 PSYoungGen      total 22528K, used 22176K [0x00000000d5580000, 0x00000000d6f80000, 0x0000000100000000)
  eden space 22016K, 100% used [0x00000000d5580000,0x00000000d6b00000,0x00000000d6b00000)
  from space 512K, 31% used [0x00000000d6e80000,0x00000000d6ea8000,0x00000000d6f00000)
  to   space 512K, 0% used [0x00000000d6f00000,0x00000000d6f00000,0x00000000d6f80000)
 ParOldGen       total 68608K, used 26433K [0x0000000080000000, 0x0000000084300000, 0x00000000d5580000)
  object space 68608K, 38% used [0x0000000080000000,0x00000000819d0708,0x0000000084300000)
 Metaspace       used 52702K, committed 53760K, reserved 1114112K
  class space    used 5862K, committed 6336K, reserved 1048576K
}
Event: 789.181 GC heap after
{Heap after GC invocations=30 (full 2):
 PSYoungGen      total 22528K, used 240K [0x00000000d5580000, 0x00000000d6f80000, 0x0000000100000000)
  eden space 22016K, 0% used [0x00000000d5580000,0x00000000d5580000,0x00000000d6b00000)
  from space 512K, 46% used [0x00000000d6f00000,0x00000000d6f3c010,0x00000000d6f80000)
  to   space 512K, 0% used [0x00000000d6e80000,0x00000000d6e80000,0x00000000d6f00000)
 ParOldGen       total 68608K, used 26505K [0x0000000080000000, 0x0000000084300000, 0x00000000d5580000)
  object space 68608K, 38% used [0x0000000080000000,0x00000000819e2718,0x0000000084300000)
 Metaspace       used 52702K, committed 53760K, reserved 1114112K
  class space    used 5862K, committed 6336K, reserved 1048576K
}
Event: 789.745 GC heap before
{Heap before GC invocations=31 (full 2):
 PSYoungGen      total 22528K, used 22256K [0x00000000d5580000, 0x00000000d6f80000, 0x0000000100000000)
  eden space 22016K, 100% used [0x00000000d5580000,0x00000000d6b00000,0x00000000d6b00000)
  from space 512K, 46% used [0x00000000d6f00000,0x00000000d6f3c010,0x00000000d6f80000)
  to   space 512K, 0% used [0x00000000d6e80000,0x00000000d6e80000,0x00000000d6f00000)
 ParOldGen       total 68608K, used 26505K [0x0000000080000000, 0x0000000084300000, 0x00000000d5580000)
  object space 68608K, 38% used [0x0000000080000000,0x00000000819e2718,0x0000000084300000)
 Metaspace       used 52709K, committed 53760K, reserved 1114112K
  class space    used 5862K, committed 6336K, reserved 1048576K
}
Event: 789.746 GC heap after
{Heap after GC invocations=31 (full 2):
 PSYoungGen      total 22528K, used 240K [0x00000000d5580000, 0x00000000d6f80000, 0x0000000100000000)
  eden space 22016K, 0% used [0x00000000d5580000,0x00000000d5580000,0x00000000d6b00000)
  from space 512K, 46% used [0x00000000d6e80000,0x00000000d6ebc010,0x00000000d6f00000)
  to   space 512K, 0% used [0x00000000d6f00000,0x00000000d6f00000,0x00000000d6f80000)
 ParOldGen       total 68608K, used 26593K [0x0000000080000000, 0x0000000084300000, 0x00000000d5580000)
  object space 68608K, 38% used [0x0000000080000000,0x00000000819f8738,0x0000000084300000)
 Metaspace       used 52709K, committed 53760K, reserved 1114112K
  class space    used 5862K, committed 6336K, reserved 1048576K
}
Event: 790.233 GC heap before
{Heap before GC invocations=32 (full 2):
 PSYoungGen      total 22528K, used 22256K [0x00000000d5580000, 0x00000000d6f80000, 0x0000000100000000)
  eden space 22016K, 100% used [0x00000000d5580000,0x00000000d6b00000,0x00000000d6b00000)
  from space 512K, 46% used [0x00000000d6e80000,0x00000000d6ebc010,0x00000000d6f00000)
  to   space 512K, 0% used [0x00000000d6f00000,0x00000000d6f00000,0x00000000d6f80000)
 ParOldGen       total 68608K, used 26593K [0x0000000080000000, 0x0000000084300000, 0x00000000d5580000)
  object space 68608K, 38% used [0x0000000080000000,0x00000000819f8738,0x0000000084300000)
 Metaspace       used 52715K, committed 53760K, reserved 1114112K
  class space    used 5863K, committed 6336K, reserved 1048576K
}
Event: 790.235 GC heap after
{Heap after GC invocations=32 (full 2):
 PSYoungGen      total 22528K, used 208K [0x00000000d5580000, 0x00000000d6f80000, 0x0000000100000000)
  eden space 22016K, 0% used [0x00000000d5580000,0x00000000d5580000,0x00000000d6b00000)
  from space 512K, 40% used [0x00000000d6f00000,0x00000000d6f34010,0x00000000d6f80000)
  to   space 512K, 0% used [0x00000000d6e80000,0x00000000d6e80000,0x00000000d6f00000)
 ParOldGen       total 68608K, used 26649K [0x0000000080000000, 0x0000000084300000, 0x00000000d5580000)
  object space 68608K, 38% used [0x0000000080000000,0x0000000081a06738,0x0000000084300000)
 Metaspace       used 52715K, committed 53760K, reserved 1114112K
  class space    used 5863K, committed 6336K, reserved 1048576K
}
Event: 790.699 GC heap before
{Heap before GC invocations=33 (full 2):
 PSYoungGen      total 22528K, used 22224K [0x00000000d5580000, 0x00000000d6f80000, 0x0000000100000000)
  eden space 22016K, 100% used [0x00000000d5580000,0x00000000d6b00000,0x00000000d6b00000)
  from space 512K, 40% used [0x00000000d6f00000,0x00000000d6f34010,0x00000000d6f80000)
  to   space 512K, 0% used [0x00000000d6e80000,0x00000000d6e80000,0x00000000d6f00000)
 ParOldGen       total 68608K, used 26649K [0x0000000080000000, 0x0000000084300000, 0x00000000d5580000)
  object space 68608K, 38% used [0x0000000080000000,0x0000000081a06738,0x0000000084300000)
 Metaspace       used 52725K, committed 53824K, reserved 1114112K
  class space    used 5863K, committed 6336K, reserved 1048576K
}
Event: 790.702 GC heap after
{Heap after GC invocations=33 (full 2):
 PSYoungGen      total 22528K, used 256K [0x00000000d5580000, 0x00000000d6f80000, 0x0000000100000000)
  eden space 22016K, 0% used [0x00000000d5580000,0x00000000d5580000,0x00000000d6b00000)
  from space 512K, 50% used [0x00000000d6e80000,0x00000000d6ec0000,0x00000000d6f00000)
  to   space 512K, 0% used [0x00000000d6f00000,0x00000000d6f00000,0x00000000d6f80000)
 ParOldGen       total 68608K, used 26729K [0x0000000080000000, 0x0000000084300000, 0x00000000d5580000)
  object space 68608K, 38% used [0x0000000080000000,0x0000000081a1a748,0x0000000084300000)
 Metaspace       used 52725K, committed 53824K, reserved 1114112K
  class space    used 5863K, committed 6336K, reserved 1048576K
}
Event: 791.171 GC heap before
{Heap before GC invocations=34 (full 2):
 PSYoungGen      total 22528K, used 22272K [0x00000000d5580000, 0x00000000d6f80000, 0x0000000100000000)
  eden space 22016K, 100% used [0x00000000d5580000,0x00000000d6b00000,0x00000000d6b00000)
  from space 512K, 50% used [0x00000000d6e80000,0x00000000d6ec0000,0x00000000d6f00000)
  to   space 512K, 0% used [0x00000000d6f00000,0x00000000d6f00000,0x00000000d6f80000)
 ParOldGen       total 68608K, used 26729K [0x0000000080000000, 0x0000000084300000, 0x00000000d5580000)
  object space 68608K, 38% used [0x0000000080000000,0x0000000081a1a748,0x0000000084300000)
 Metaspace       used 52743K, committed 53824K, reserved 1114112K
  class space    used 5863K, committed 6336K, reserved 1048576K
}
Event: 791.172 GC heap after
{Heap after GC invocations=34 (full 2):
 PSYoungGen      total 22528K, used 384K [0x00000000d5580000, 0x00000000d6f80000, 0x0000000100000000)
  eden space 22016K, 0% used [0x00000000d5580000,0x00000000d5580000,0x00000000d6b00000)
  from space 512K, 75% used [0x00000000d6f00000,0x00000000d6f60000,0x00000000d6f80000)
  to   space 512K, 0% used [0x00000000d6e80000,0x00000000d6e80000,0x00000000d6f00000)
 ParOldGen       total 68608K, used 26769K [0x0000000080000000, 0x0000000084300000, 0x00000000d5580000)
  object space 68608K, 39% used [0x0000000080000000,0x0000000081a24748,0x0000000084300000)
 Metaspace       used 52743K, committed 53824K, reserved 1114112K
  class space    used 5863K, committed 6336K, reserved 1048576K
}
Event: 791.655 GC heap before
{Heap before GC invocations=35 (full 2):
 PSYoungGen      total 22528K, used 22400K [0x00000000d5580000, 0x00000000d6f80000, 0x0000000100000000)
  eden space 22016K, 100% used [0x00000000d5580000,0x00000000d6b00000,0x00000000d6b00000)
  from space 512K, 75% used [0x00000000d6f00000,0x00000000d6f60000,0x00000000d6f80000)
  to   space 512K, 0% used [0x00000000d6e80000,0x00000000d6e80000,0x00000000d6f00000)
 ParOldGen       total 68608K, used 26769K [0x0000000080000000, 0x0000000084300000, 0x00000000d5580000)
  object space 68608K, 39% used [0x0000000080000000,0x0000000081a24748,0x0000000084300000)
 Metaspace       used 52758K, committed 53824K, reserved 1114112K
  class space    used 5863K, committed 6336K, reserved 1048576K
}
Event: 791.657 GC heap after
{Heap after GC invocations=35 (full 2):
 PSYoungGen      total 22528K, used 192K [0x00000000d5580000, 0x00000000d6f80000, 0x0000000100000000)
  eden space 22016K, 0% used [0x00000000d5580000,0x00000000d5580000,0x00000000d6b00000)
  from space 512K, 37% used [0x00000000d6e80000,0x00000000d6eb0000,0x00000000d6f00000)
  to   space 512K, 0% used [0x00000000d6f00000,0x00000000d6f00000,0x00000000d6f80000)
 ParOldGen       total 68608K, used 26897K [0x0000000080000000, 0x0000000084300000, 0x00000000d5580000)
  object space 68608K, 39% used [0x0000000080000000,0x0000000081a44798,0x0000000084300000)
 Metaspace       used 52758K, committed 53824K, reserved 1114112K
  class space    used 5863K, committed 6336K, reserved 1048576K
}
Event: 792.128 GC heap before
{Heap before GC invocations=36 (full 2):
 PSYoungGen      total 22528K, used 22208K [0x00000000d5580000, 0x00000000d6f80000, 0x0000000100000000)
  eden space 22016K, 100% used [0x00000000d5580000,0x00000000d6b00000,0x00000000d6b00000)
  from space 512K, 37% used [0x00000000d6e80000,0x00000000d6eb0000,0x00000000d6f00000)
  to   space 512K, 0% used [0x00000000d6f00000,0x00000000d6f00000,0x00000000d6f80000)
 ParOldGen       total 68608K, used 26897K [0x0000000080000000, 0x0000000084300000, 0x00000000d5580000)
  object space 68608K, 39% used [0x0000000080000000,0x0000000081a44798,0x0000000084300000)
 Metaspace       used 52771K, committed 53824K, reserved 1114112K
  class space    used 5863K, committed 6336K, reserved 1048576K
}
Event: 792.130 GC heap after
{Heap after GC invocations=36 (full 2):
 PSYoungGen      total 22528K, used 176K [0x00000000d5580000, 0x00000000d6f80000, 0x0000000100000000)
  eden space 22016K, 0% used [0x00000000d5580000,0x00000000d5580000,0x00000000d6b00000)
  from space 512K, 34% used [0x00000000d6f00000,0x00000000d6f2c010,0x00000000d6f80000)
  to   space 512K, 0% used [0x00000000d6e80000,0x00000000d6e80000,0x00000000d6f00000)
 ParOldGen       total 68608K, used 26961K [0x0000000080000000, 0x0000000084300000, 0x00000000d5580000)
  object space 68608K, 39% used [0x0000000080000000,0x0000000081a547a8,0x0000000084300000)
 Metaspace       used 52771K, committed 53824K, reserved 1114112K
  class space    used 5863K, committed 6336K, reserved 1048576K
}
Event: 792.712 GC heap before
{Heap before GC invocations=37 (full 2):
 PSYoungGen      total 22528K, used 22192K [0x00000000d5580000, 0x00000000d6f80000, 0x0000000100000000)
  eden space 22016K, 100% used [0x00000000d5580000,0x00000000d6b00000,0x00000000d6b00000)
  from space 512K, 34% used [0x00000000d6f00000,0x00000000d6f2c010,0x00000000d6f80000)
  to   space 512K, 0% used [0x00000000d6e80000,0x00000000d6e80000,0x00000000d6f00000)
 ParOldGen       total 68608K, used 26961K [0x0000000080000000, 0x0000000084300000, 0x00000000d5580000)
  object space 68608K, 39% used [0x0000000080000000,0x0000000081a547a8,0x0000000084300000)
 Metaspace       used 52793K, committed 53888K, reserved 1114112K
  class space    used 5863K, committed 6336K, reserved 1048576K
}
Event: 792.713 GC heap after
{Heap after GC invocations=37 (full 2):
 PSYoungGen      total 22528K, used 224K [0x00000000d5580000, 0x00000000d6f80000, 0x0000000100000000)
  eden space 22016K, 0% used [0x00000000d5580000,0x00000000d5580000,0x00000000d6b00000)
  from space 512K, 43% used [0x00000000d6e80000,0x00000000d6eb8000,0x00000000d6f00000)
  to   space 512K, 0% used [0x00000000d6f00000,0x00000000d6f00000,0x00000000d6f80000)
 ParOldGen       total 68608K, used 27037K [0x0000000080000000, 0x0000000084300000, 0x00000000d5580000)
  object space 68608K, 39% used [0x0000000080000000,0x0000000081a677d8,0x0000000084300000)
 Metaspace       used 52793K, committed 53888K, reserved 1114112K
  class space    used 5863K, committed 6336K, reserved 1048576K
}
Event: 793.181 GC heap before
{Heap before GC invocations=38 (full 2):
 PSYoungGen      total 22528K, used 22240K [0x00000000d5580000, 0x00000000d6f80000, 0x0000000100000000)
  eden space 22016K, 100% used [0x00000000d5580000,0x00000000d6b00000,0x00000000d6b00000)
  from space 512K, 43% used [0x00000000d6e80000,0x00000000d6eb8000,0x00000000d6f00000)
  to   space 512K, 0% used [0x00000000d6f00000,0x00000000d6f00000,0x00000000d6f80000)
 ParOldGen       total 68608K, used 27037K [0x0000000080000000, 0x0000000084300000, 0x00000000d5580000)
  object space 68608K, 39% used [0x0000000080000000,0x0000000081a677d8,0x0000000084300000)
 Metaspace       used 52803K, committed 53888K, reserved 1114112K
  class space    used 5863K, committed 6336K, reserved 1048576K
}
Event: 793.182 GC heap after
{Heap after GC invocations=38 (full 2):
 PSYoungGen      total 22528K, used 272K [0x00000000d5580000, 0x00000000d6f80000, 0x0000000100000000)
  eden space 22016K, 0% used [0x00000000d5580000,0x00000000d5580000,0x00000000d6b00000)
  from space 512K, 53% used [0x00000000d6f00000,0x00000000d6f44010,0x00000000d6f80000)
  to   space 512K, 0% used [0x00000000d6e80000,0x00000000d6e80000,0x00000000d6f00000)
 ParOldGen       total 68608K, used 27093K [0x0000000080000000, 0x0000000084300000, 0x00000000d5580000)
  object space 68608K, 39% used [0x0000000080000000,0x0000000081a757d8,0x0000000084300000)
 Metaspace       used 52803K, committed 53888K, reserved 1114112K
  class space    used 5863K, committed 6336K, reserved 1048576K
}

Dll operation events (14 events):
Event: 0.091 Loaded shared library c:\Users\Usuario\.antigravity\extensions\redhat.java-1.50.0-win32-x64\jre\21.0.9-win32-x86_64\bin\java.dll
Event: 0.491 Loaded shared library c:\Users\Usuario\.antigravity\extensions\redhat.java-1.50.0-win32-x64\jre\21.0.9-win32-x86_64\bin\zip.dll
Event: 0.578 Loaded shared library C:\Users\Usuario\.antigravity\extensions\redhat.java-1.50.0-win32-x64\jre\21.0.9-win32-x86_64\bin\instrument.dll
Event: 0.589 Loaded shared library C:\Users\Usuario\.antigravity\extensions\redhat.java-1.50.0-win32-x64\jre\21.0.9-win32-x86_64\bin\net.dll
Event: 0.621 Loaded shared library C:\Users\Usuario\.antigravity\extensions\redhat.java-1.50.0-win32-x64\jre\21.0.9-win32-x86_64\bin\nio.dll
Event: 0.642 Loaded shared library C:\Users\Usuario\.antigravity\extensions\redhat.java-1.50.0-win32-x64\jre\21.0.9-win32-x86_64\bin\zip.dll
Event: 0.732 Loaded shared library C:\Users\Usuario\.antigravity\extensions\redhat.java-1.50.0-win32-x64\jre\21.0.9-win32-x86_64\bin\jimage.dll
Event: 1.387 Loaded shared library c:\Users\Usuario\.antigravity\extensions\redhat.java-1.50.0-win32-x64\jre\21.0.9-win32-x86_64\bin\verify.dll
Event: 6.535 Loaded shared library C:\Users\Usuario\AppData\Roaming\Antigravity\User\globalStorage\redhat.java\1.50.0\config_win\org.eclipse.equinox.launcher\org.eclipse.equinox.launcher.win32.win32.x86_64_1.2.1400.v20250801-0854\eclipse_11916.dll
Event: 12.782 Loaded shared library C:\Users\Usuario\.antigravity\extensions\redhat.java-1.50.0-win32-x64\jre\21.0.9-win32-x86_64\bin\management.dll
Event: 12.790 Loaded shared library C:\Users\Usuario\.antigravity\extensions\redhat.java-1.50.0-win32-x64\jre\21.0.9-win32-x86_64\bin\management_ext.dll
Event: 23.694 Loaded shared library C:\Users\Usuario\AppData\Local\Temp\jna-1531808526\jna2388495983341818441.dll
Event: 24.718 Loaded shared library C:\Users\Usuario\.antigravity\extensions\redhat.java-1.50.0-win32-x64\jre\21.0.9-win32-x86_64\bin\sunmscapi.dll
Event: 26.810 Loaded shared library C:\Users\Usuario\.antigravity\extensions\redhat.java-1.50.0-win32-x64\jre\21.0.9-win32-x86_64\bin\extnet.dll

Deoptimization events (20 events):
Event: 793.170 Thread 0x000002737cb63b40 Uncommon trap: trap_request=0xffffffbe fr.pc=0x0000027368ad8908 relative=0x00000000000003c8
Event: 793.170 Thread 0x000002737cb63b40 Uncommon trap: reason=profile_predicate action=maybe_recompile pc=0x0000027368ad8908 method=java.util.regex.Pattern$SliceI.match(Ljava/util/regex/Matcher;ILjava/lang/CharSequence;)Z @ 18 c2
Event: 793.170 Thread 0x000002737cb63b40 DEOPT PACKING pc=0x0000027368ad8908 sp=0x000000762d8fdc60
Event: 793.170 Thread 0x000002737cb63b40 DEOPT UNPACKING pc=0x0000027368183aa2 sp=0x000000762d8fdbc8 mode 2
Event: 793.602 Thread 0x000002737aebdb30 Uncommon trap: trap_request=0xffffff45 fr.pc=0x0000027368aee9a4 relative=0x0000000000000404
Event: 793.602 Thread 0x000002737aebdb30 Uncommon trap: reason=unstable_if action=reinterpret pc=0x0000027368aee9a4 method=java.io.BufferedReader$1.hasNext()Z @ 24 c2
Event: 793.602 Thread 0x000002737aebdb30 DEOPT PACKING pc=0x0000027368aee9a4 sp=0x000000762b9ff140
Event: 793.602 Thread 0x000002737aebdb30 DEOPT UNPACKING pc=0x0000027368183aa2 sp=0x000000762b9ff118 mode 2
Event: 793.611 Thread 0x000002737aebdb30 Uncommon trap: trap_request=0xffffffde fr.pc=0x0000027368a0c1a4 relative=0x0000000000000084
Event: 793.611 Thread 0x000002737aebdb30 Uncommon trap: reason=class_check action=maybe_recompile pc=0x0000027368a0c1a4 method=java.io.FilterInputStream.read([B)I @ 5 c2
Event: 793.611 Thread 0x000002737aebdb30 DEOPT PACKING pc=0x0000027368a0c1a4 sp=0x000000762b9ff2c0
Event: 793.611 Thread 0x000002737aebdb30 DEOPT UNPACKING pc=0x0000027368183aa2 sp=0x000000762b9ff248 mode 2
Event: 793.612 Thread 0x000002737aebdb30 Uncommon trap: trap_request=0xffffffde fr.pc=0x0000027368a0c1a4 relative=0x0000000000000084
Event: 793.612 Thread 0x000002737aebdb30 Uncommon trap: reason=class_check action=maybe_recompile pc=0x0000027368a0c1a4 method=java.io.FilterInputStream.read([B)I @ 5 c2
Event: 793.612 Thread 0x000002737aebdb30 DEOPT PACKING pc=0x0000027368a0c1a4 sp=0x000000762b9ff2c0
Event: 793.612 Thread 0x000002737aebdb30 DEOPT UNPACKING pc=0x0000027368183aa2 sp=0x000000762b9ff248 mode 2
Event: 793.613 Thread 0x000002737aebdb30 Uncommon trap: trap_request=0xffffffde fr.pc=0x0000027368a0c1a4 relative=0x0000000000000084
Event: 793.613 Thread 0x000002737aebdb30 Uncommon trap: reason=class_check action=maybe_recompile pc=0x0000027368a0c1a4 method=java.io.FilterInputStream.read([B)I @ 5 c2
Event: 793.613 Thread 0x000002737aebdb30 DEOPT PACKING pc=0x0000027368a0c1a4 sp=0x000000762b9ff2c0
Event: 793.613 Thread 0x000002737aebdb30 DEOPT UNPACKING pc=0x0000027368183aa2 sp=0x000000762b9ff248 mode 2

Classes loaded (20 events):
Event: 786.075 Loading class java/lang/Throwable$WrappedPrintStream
Event: 786.085 Loading class java/lang/Throwable$WrappedPrintStream done
Event: 786.337 Loading class sun/security/ssl/PreSharedKeyExtension$PskIdentity
Event: 786.343 Loading class sun/security/ssl/PreSharedKeyExtension$PskIdentity done
Event: 786.347 Loading class sun/security/ssl/PreSharedKeyExtension$CHPreSharedKeySpec
Event: 786.369 Loading class sun/security/ssl/PreSharedKeyExtension$CHPreSharedKeySpec done
Event: 786.370 Loading class sun/security/ssl/PreSharedKeyExtension$PartialClientHelloMessage
Event: 786.376 Loading class sun/security/ssl/PreSharedKeyExtension$PartialClientHelloMessage done
Event: 786.377 Loading class sun/security/ssl/SSLEngineOutputRecord
Event: 786.402 Loading class sun/security/ssl/SSLEngineOutputRecord done
Event: 786.413 Loading class sun/security/ssl/SSLEngineOutputRecord$HandshakeFragment
Event: 786.425 Loading class sun/security/ssl/SSLEngineOutputRecord$HandshakeFragment done
Event: 786.426 Loading class sun/security/ssl/SSLEngineOutputRecord$HandshakeMemo
Event: 786.427 Loading class sun/security/ssl/SSLEngineOutputRecord$RecordMemo
Event: 786.429 Loading class sun/security/ssl/SSLEngineOutputRecord$RecordMemo done
Event: 786.429 Loading class sun/security/ssl/SSLEngineOutputRecord$HandshakeMemo done
Event: 786.986 Loading class sun/security/ssl/PreSharedKeyExtension$SHPreSharedKeySpec
Event: 786.988 Loading class sun/security/ssl/PreSharedKeyExtension$SHPreSharedKeySpec done
Event: 793.603 Loading class java/security/DigestInputStream
Event: 793.610 Loading class java/security/DigestInputStream done

Classes unloaded (8 events):
Event: 17.063 Thread 0x000002735daa0ab0 Unloading class 0x00000273011af400 'java/lang/invoke/LambdaForm$MH+0x00000273011af400'
Event: 17.063 Thread 0x000002735daa0ab0 Unloading class 0x00000273011af000 'java/lang/invoke/LambdaForm$MH+0x00000273011af000'
Event: 17.063 Thread 0x000002735daa0ab0 Unloading class 0x00000273011aec00 'java/lang/invoke/LambdaForm$MH+0x00000273011aec00'
Event: 17.063 Thread 0x000002735daa0ab0 Unloading class 0x00000273011ae800 'java/lang/invoke/LambdaForm$MH+0x00000273011ae800'
Event: 17.063 Thread 0x000002735daa0ab0 Unloading class 0x00000273011ae400 'java/lang/invoke/LambdaForm$BMH+0x00000273011ae400'
Event: 17.063 Thread 0x000002735daa0ab0 Unloading class 0x00000273011ae000 'java/lang/invoke/LambdaForm$DMH+0x00000273011ae000'
Event: 17.063 Thread 0x000002735daa0ab0 Unloading class 0x00000273011acc00 'java/lang/invoke/LambdaForm$DMH+0x00000273011acc00'
Event: 24.605 Thread 0x000002735daa0ab0 Unloading class 0x00000273012a5400 'java/lang/invoke/LambdaForm$MH+0x00000273012a5400'

Classes redefined (0 events):
No events

Internal exceptions (20 events):
Event: 793.429 Thread 0x000002737aebdb30 Exception <a 'java/io/IOException'{0x00000000d611b360}> (0x00000000d611b360) 
thrown [s\src\hotspot\share\prims\jni.cpp, line 520]
Event: 793.431 Thread 0x000002737aebdb30 Exception <a 'java/io/IOException'{0x00000000d6137038}> (0x00000000d6137038) 
thrown [s\src\hotspot\share\prims\jni.cpp, line 520]
Event: 793.435 Thread 0x000002737aebdb30 Exception <a 'java/io/IOException'{0x00000000d61511c8}> (0x00000000d61511c8) 
thrown [s\src\hotspot\share\prims\jni.cpp, line 520]
Event: 793.436 Thread 0x000002737aebdb30 Exception <a 'java/io/IOException'{0x00000000d6159d58}> (0x00000000d6159d58) 
thrown [s\src\hotspot\share\prims\jni.cpp, line 520]
Event: 793.440 Thread 0x000002737aebdb30 Exception <a 'java/io/IOException'{0x00000000d6173ee8}> (0x00000000d6173ee8) 
thrown [s\src\hotspot\share\prims\jni.cpp, line 520]
Event: 793.441 Thread 0x000002737aebdb30 Exception <a 'java/io/IOException'{0x00000000d617ca78}> (0x00000000d617ca78) 
thrown [s\src\hotspot\share\prims\jni.cpp, line 520]
Event: 793.443 Thread 0x000002737aebdb30 Exception <a 'java/io/IOException'{0x00000000d6196c08}> (0x00000000d6196c08) 
thrown [s\src\hotspot\share\prims\jni.cpp, line 520]
Event: 793.445 Thread 0x000002737aebdb30 Exception <a 'java/io/IOException'{0x00000000d61b0e38}> (0x00000000d61b0e38) 
thrown [s\src\hotspot\share\prims\jni.cpp, line 520]
Event: 793.446 Thread 0x000002737aebdb30 Exception <a 'java/io/IOException'{0x00000000d61cafd8}> (0x00000000d61cafd8) 
thrown [s\src\hotspot\share\prims\jni.cpp, line 520]
Event: 793.447 Thread 0x000002737aebdb30 Exception <a 'java/io/IOException'{0x00000000d61d3b68}> (0x00000000d61d3b68) 
thrown [s\src\hotspot\share\prims\jni.cpp, line 520]
Event: 793.448 Thread 0x000002737aebdb30 Exception <a 'java/io/IOException'{0x00000000d61edcf8}> (0x00000000d61edcf8) 
thrown [s\src\hotspot\share\prims\jni.cpp, line 520]
Event: 793.450 Thread 0x000002737aebdb30 Exception <a 'java/io/IOException'{0x00000000d61f6888}> (0x00000000d61f6888) 
thrown [s\src\hotspot\share\prims\jni.cpp, line 520]
Event: 793.451 Thread 0x000002737aebdb30 Exception <a 'java/io/IOException'{0x00000000d6210a18}> (0x00000000d6210a18) 
thrown [s\src\hotspot\share\prims\jni.cpp, line 520]
Event: 793.452 Thread 0x000002737aebdb30 Exception <a 'java/io/IOException'{0x00000000d621a278}> (0x00000000d621a278) 
thrown [s\src\hotspot\share\prims\jni.cpp, line 520]
Event: 793.454 Thread 0x000002737aebdb30 Exception <a 'java/io/IOException'{0x00000000d6234408}> (0x00000000d6234408) 
thrown [s\src\hotspot\share\prims\jni.cpp, line 520]
Event: 793.456 Thread 0x000002737aebdb30 Exception <a 'java/io/IOException'{0x00000000d623cf98}> (0x00000000d623cf98) 
thrown [s\src\hotspot\share\prims\jni.cpp, line 520]
Event: 793.458 Thread 0x000002737aebdb30 Exception <a 'java/io/IOException'{0x00000000d6257128}> (0x00000000d6257128) 
thrown [s\src\hotspot\share\prims\jni.cpp, line 520]
Event: 793.459 Thread 0x000002737aebdb30 Exception <a 'java/io/IOException'{0x00000000d625fcb8}> (0x00000000d625fcb8) 
thrown [s\src\hotspot\share\prims\jni.cpp, line 520]
Event: 793.460 Thread 0x000002737aebdb30 Exception <a 'java/io/IOException'{0x00000000d6279ec8}> (0x00000000d6279ec8) 
thrown [s\src\hotspot\share\prims\jni.cpp, line 520]
Event: 793.461 Thread 0x000002737aebdb30 Exception <a 'java/io/IOException'{0x00000000d6282cb8}> (0x00000000d6282cb8) 
thrown [s\src\hotspot\share\prims\jni.cpp, line 520]

ZGC Phase Switch (0 events):
No events

VM Operations (20 events):
Event: 792.128 Executing VM operation: ParallelGCFailedAllocation (Allocation Failure)
Event: 792.130 Executing VM operation: ParallelGCFailedAllocation (Allocation Failure) done
Event: 792.712 Executing VM operation: ParallelGCFailedAllocation (Allocation Failure)
Event: 792.713 Executing VM operation: ParallelGCFailedAllocation (Allocation Failure) done
Event: 793.181 Executing VM operation: ParallelGCFailedAllocation (Allocation Failure)
Event: 793.182 Executing VM operation: ParallelGCFailedAllocation (Allocation Failure) done
Event: 794.194 Executing VM operation: Cleanup
Event: 794.194 Executing VM operation: Cleanup done
Event: 796.217 Executing VM operation: Cleanup
Event: 796.217 Executing VM operation: Cleanup done
Event: 805.318 Executing VM operation: Cleanup
Event: 805.318 Executing VM operation: Cleanup done
Event: 811.389 Executing VM operation: Cleanup
Event: 811.389 Executing VM operation: Cleanup done
Event: 823.533 Executing VM operation: Cleanup
Event: 823.533 Executing VM operation: Cleanup done
Event: 842.249 Executing VM operation: HandshakeAllThreads (HandshakeForDeflation)
Event: 842.250 Executing VM operation: HandshakeAllThreads (HandshakeForDeflation) done
Event: 842.250 Executing VM operation: RendezvousGCThreads
Event: 842.250 Executing VM operation: RendezvousGCThreads done

Memory protections (0 events):
No events

Nmethod flushes (20 events):
Event: 24.627 Thread 0x000002735daa0ab0 flushing  nmethod 0x00000273611e9c90
Event: 24.627 Thread 0x000002735daa0ab0 flushing  nmethod 0x00000273611ea590
Event: 24.627 Thread 0x000002735daa0ab0 flushing  nmethod 0x00000273611eb790
Event: 24.627 Thread 0x000002735daa0ab0 flushing  nmethod 0x00000273611ebf90
Event: 24.627 Thread 0x000002735daa0ab0 flushing  nmethod 0x00000273611ec710
Event: 24.627 Thread 0x000002735daa0ab0 flushing  nmethod 0x00000273611edc90
Event: 24.627 Thread 0x000002735daa0ab0 flushing  nmethod 0x00000273611ee190
Event: 24.627 Thread 0x000002735daa0ab0 flushing  nmethod 0x00000273611ef610
Event: 24.627 Thread 0x000002735daa0ab0 flushing  nmethod 0x00000273611efe90
Event: 24.627 Thread 0x000002735daa0ab0 flushing  nmethod 0x00000273611f1910
Event: 24.627 Thread 0x000002735daa0ab0 flushing  nmethod 0x00000273611fc790
Event: 24.627 Thread 0x000002735daa0ab0 flushing  nmethod 0x0000027361202c10
Event: 24.627 Thread 0x000002735daa0ab0 flushing  nmethod 0x000002736123fe90
Event: 24.627 Thread 0x000002735daa0ab0 flushing  nmethod 0x0000027361241090
Event: 24.627 Thread 0x000002735daa0ab0 flushing  nmethod 0x000002736124a190
Event: 24.627 Thread 0x000002735daa0ab0 flushing  nmethod 0x0000027361260510
Event: 24.627 Thread 0x000002735daa0ab0 flushing  nmethod 0x0000027361291e10
Event: 24.627 Thread 0x000002735daa0ab0 flushing  nmethod 0x00000273612b8d90
Event: 24.627 Thread 0x000002735daa0ab0 flushing  nmethod 0x00000273612d4710
Event: 24.627 Thread 0x000002735daa0ab0 flushing  nmethod 0x000002736133bf10

Events (20 events):
Event: 792.832 Thread 0x000002737b0f6000 Thread added: 0x000002737cb64ef0
Event: 792.837 Thread 0x000002737b0f6000 Thread added: 0x000002737cb62790
Event: 792.864 Thread 0x000002737cb62790 Thread added: 0x000002737cb63b40
Event: 792.968 Thread 0x000002737cb63b40 Thread added: 0x000002737cb64860
Event: 792.969 Thread 0x000002737cb64860 Thread exited: 0x000002737cb64860
Event: 793.178 Thread 0x000002737cb63b40 Thread added: 0x000002737cb5ec80
Event: 793.179 Thread 0x000002737cb5ec80 Thread exited: 0x000002737cb5ec80
Event: 793.359 Thread 0x000002737cb63b40 Thread added: 0x000002737cb62e20
Event: 793.360 Thread 0x000002737cb62e20 Thread exited: 0x000002737cb62e20
Event: 793.406 Thread 0x000002737cb63b40 Thread exited: 0x000002737cb63b40
Event: 793.409 Thread 0x000002737cb62790 Thread exited: 0x000002737cb62790
Event: 793.430 Thread 0x000002737b0f6000 Thread added: 0x000002737cb5ec80
Event: 793.442 Thread 0x000002737b0f6000 Thread added: 0x000002737cb5f9a0
Event: 793.472 Thread 0x000002737cb5f9a0 Thread added: 0x000002737cb62e20
Event: 793.568 Thread 0x000002737cb62e20 Thread added: 0x000002737cb641d0
Event: 793.569 Thread 0x000002737cb641d0 Thread exited: 0x000002737cb641d0
Event: 793.780 Thread 0x000002737cb62e20 Thread added: 0x000002737cb64860
Event: 793.780 Thread 0x000002737cb64860 Thread exited: 0x000002737cb64860
Event: 794.057 Thread 0x000002737cb62e20 Thread added: 0x000002737cb606c0
Event: 794.059 Thread 0x000002737cb606c0 Thread exited: 0x000002737cb606c0


Dynamic libraries:
0x00007ff6869d0000 - 0x00007ff6869de000 	c:\Users\Usuario\.antigravity\extensions\redhat.java-1.50.0-win32-x64\jre\21.0.9-win32-x86_64\bin\java.exe
0x00007ff836970000 - 0x00007ff836b87000 	C:\WINDOWS\SYSTEM32\ntdll.dll
0x00007ff835cc0000 - 0x00007ff835d84000 	C:\WINDOWS\System32\KERNEL32.DLL
0x00007ff833c60000 - 0x00007ff834032000 	C:\WINDOWS\System32\KERNELBASE.dll
0x00007ff8341b0000 - 0x00007ff8342c1000 	C:\WINDOWS\System32\ucrtbase.dll
0x00007fffeaec0000 - 0x00007fffeaed8000 	c:\Users\Usuario\.antigravity\extensions\redhat.java-1.50.0-win32-x64\jre\21.0.9-win32-x86_64\bin\jli.dll
0x00007ff835810000 - 0x00007ff8359c1000 	C:\WINDOWS\System32\USER32.dll
0x00007ff833bb0000 - 0x00007ff833bd6000 	C:\WINDOWS\System32\win32u.dll
0x00007ff834600000 - 0x00007ff834629000 	C:\WINDOWS\System32\GDI32.dll
0x00007ff8342d0000 - 0x00007ff8343f3000 	C:\WINDOWS\System32\gdi32full.dll
0x00007ff833a60000 - 0x00007ff833afa000 	C:\WINDOWS\System32\msvcp_win.dll
0x00007fffeaee0000 - 0x00007fffeaefe000 	c:\Users\Usuario\.antigravity\extensions\redhat.java-1.50.0-win32-x64\jre\21.0.9-win32-x86_64\bin\VCRUNTIME140.dll
0x00007ff81c350000 - 0x00007ff81c5eb000 	C:\WINDOWS\WinSxS\amd64_microsoft.windows.common-controls_6595b64144ccf1df_6.0.22621.5547_none_27104afb73855772\COMCTL32.dll
0x00007ff8356a0000 - 0x00007ff835747000 	C:\WINDOWS\System32\msvcrt.dll
0x00007ff835b60000 - 0x00007ff835b91000 	C:\WINDOWS\System32\IMM32.DLL
0x00007ff80fb50000 - 0x00007ff80fb5c000 	c:\Users\Usuario\.antigravity\extensions\redhat.java-1.50.0-win32-x64\jre\21.0.9-win32-x86_64\bin\vcruntime140_1.dll
0x00007fffa7590000 - 0x00007fffa761d000 	c:\Users\Usuario\.antigravity\extensions\redhat.java-1.50.0-win32-x64\jre\21.0.9-win32-x86_64\bin\msvcp140.dll
0x00007fff9b890000 - 0x00007fff9c630000 	c:\Users\Usuario\.antigravity\extensions\redhat.java-1.50.0-win32-x64\jre\21.0.9-win32-x86_64\bin\server\jvm.dll
0x00007ff8349f0000 - 0x00007ff834aa1000 	C:\WINDOWS\System32\ADVAPI32.dll
0x00007ff836760000 - 0x00007ff836808000 	C:\WINDOWS\System32\sechost.dll
0x00007ff833b80000 - 0x00007ff833ba8000 	C:\WINDOWS\System32\bcrypt.dll
0x00007ff836810000 - 0x00007ff836924000 	C:\WINDOWS\System32\RPCRT4.dll
0x00007ff835c40000 - 0x00007ff835cb1000 	C:\WINDOWS\System32\WS2_32.dll
0x00007ff833930000 - 0x00007ff83397d000 	C:\WINDOWS\SYSTEM32\POWRPROF.dll
0x00007ff82c500000 - 0x00007ff82c534000 	C:\WINDOWS\SYSTEM32\WINMM.dll
0x00007ff82cce0000 - 0x00007ff82ccea000 	C:\WINDOWS\SYSTEM32\VERSION.dll
0x00007ff833910000 - 0x00007ff833923000 	C:\WINDOWS\SYSTEM32\UMPDC.dll
0x00007ff832a50000 - 0x00007ff832a68000 	C:\WINDOWS\SYSTEM32\kernel.appcore.dll
0x00007ff80f110000 - 0x00007ff80f11a000 	c:\Users\Usuario\.antigravity\extensions\redhat.java-1.50.0-win32-x64\jre\21.0.9-win32-x86_64\bin\jimage.dll
0x00007ff8316e0000 - 0x00007ff831913000 	C:\WINDOWS\SYSTEM32\DBGHELP.DLL
0x00007ff834650000 - 0x00007ff8349e3000 	C:\WINDOWS\System32\combase.dll
0x00007ff8359d0000 - 0x00007ff835aa7000 	C:\WINDOWS\System32\OLEAUT32.dll
0x00007ff809500000 - 0x00007ff809532000 	C:\WINDOWS\SYSTEM32\dbgcore.DLL
0x00007ff833be0000 - 0x00007ff833c5b000 	C:\WINDOWS\System32\bcryptPrimitives.dll
0x00007ff8051c0000 - 0x00007ff8051cf000 	c:\Users\Usuario\.antigravity\extensions\redhat.java-1.50.0-win32-x64\jre\21.0.9-win32-x86_64\bin\instrument.dll
0x00007fffe40d0000 - 0x00007fffe40f0000 	c:\Users\Usuario\.antigravity\extensions\redhat.java-1.50.0-win32-x64\jre\21.0.9-win32-x86_64\bin\java.dll
0x00007ff835eb0000 - 0x00007ff836752000 	C:\WINDOWS\System32\SHELL32.dll
0x00007ff8344c0000 - 0x00007ff8345ff000 	C:\WINDOWS\System32\wintypes.dll
0x00007ff831940000 - 0x00007ff83225d000 	C:\WINDOWS\SYSTEM32\windows.storage.dll
0x00007ff8353f0000 - 0x00007ff8354fc000 	C:\WINDOWS\System32\SHCORE.dll
0x00007ff834c80000 - 0x00007ff834ce9000 	C:\WINDOWS\System32\shlwapi.dll
0x00007ff833990000 - 0x00007ff8339bb000 	C:\WINDOWS\SYSTEM32\profapi.dll
0x00007fffe40b0000 - 0x00007fffe40c8000 	c:\Users\Usuario\.antigravity\extensions\redhat.java-1.50.0-win32-x64\jre\21.0.9-win32-x86_64\bin\zip.dll
0x00007ffffd570000 - 0x00007ffffd580000 	C:\Users\Usuario\.antigravity\extensions\redhat.java-1.50.0-win32-x64\jre\21.0.9-win32-x86_64\bin\net.dll
0x00007ff82a8e0000 - 0x00007ff82aa0c000 	C:\WINDOWS\SYSTEM32\WINHTTP.dll
0x00007ff832ec0000 - 0x00007ff832f29000 	C:\WINDOWS\system32\mswsock.dll
0x00007fffe0410000 - 0x00007fffe0426000 	C:\Users\Usuario\.antigravity\extensions\redhat.java-1.50.0-win32-x64\jre\21.0.9-win32-x86_64\bin\nio.dll
0x00007ffff74f0000 - 0x00007ffff7500000 	c:\Users\Usuario\.antigravity\extensions\redhat.java-1.50.0-win32-x64\jre\21.0.9-win32-x86_64\bin\verify.dll
0x00007fffa7540000 - 0x00007fffa7584000 	C:\Users\Usuario\AppData\Roaming\Antigravity\User\globalStorage\redhat.java\1.50.0\config_win\org.eclipse.equinox.launcher\org.eclipse.equinox.launcher.win32.win32.x86_64_1.2.1400.v20250801-0854\eclipse_11916.dll
0x00007ff835500000 - 0x00007ff8356a0000 	C:\WINDOWS\System32\ole32.dll
0x00007ff829690000 - 0x00007ff82969a000 	C:\Users\Usuario\.antigravity\extensions\redhat.java-1.50.0-win32-x64\jre\21.0.9-win32-x86_64\bin\management.dll
0x00007ff81fa50000 - 0x00007ff81fa5c000 	C:\Users\Usuario\.antigravity\extensions\redhat.java-1.50.0-win32-x64\jre\21.0.9-win32-x86_64\bin\management_ext.dll
0x00007ff835ba0000 - 0x00007ff835ba8000 	C:\WINDOWS\System32\PSAPI.DLL
0x00007ff833210000 - 0x00007ff83322b000 	C:\WINDOWS\SYSTEM32\CRYPTSP.dll
0x00007ff8329b0000 - 0x00007ff8329e7000 	C:\WINDOWS\system32\rsaenh.dll
0x00007ff832f60000 - 0x00007ff832f88000 	C:\WINDOWS\SYSTEM32\USERENV.dll
0x00007ff8331f0000 - 0x00007ff8331fc000 	C:\WINDOWS\SYSTEM32\CRYPTBASE.dll
0x00007ff8324c0000 - 0x00007ff8324ed000 	C:\WINDOWS\SYSTEM32\IPHLPAPI.DLL
0x00007ff835750000 - 0x00007ff835759000 	C:\WINDOWS\System32\NSI.dll
0x00007ffff4070000 - 0x00007ffff40b9000 	C:\Users\Usuario\AppData\Local\Temp\jna-1531808526\jna2388495983341818441.dll
0x00007ff82aac0000 - 0x00007ff82aad9000 	C:\WINDOWS\SYSTEM32\dhcpcsvc6.DLL
0x00007ff82a520000 - 0x00007ff82a53f000 	C:\WINDOWS\SYSTEM32\dhcpcsvc.DLL
0x00007ff8296d0000 - 0x00007ff8296de000 	C:\Users\Usuario\.antigravity\extensions\redhat.java-1.50.0-win32-x64\jre\21.0.9-win32-x86_64\bin\sunmscapi.dll
0x00007ff834040000 - 0x00007ff8341a7000 	C:\WINDOWS\System32\CRYPT32.dll
0x00007ff833300000 - 0x00007ff83332d000 	C:\WINDOWS\SYSTEM32\ncrypt.dll
0x00007ff8332c0000 - 0x00007ff8332f7000 	C:\WINDOWS\SYSTEM32\NTASN1.dll
0x00007ff832530000 - 0x00007ff832628000 	C:\WINDOWS\SYSTEM32\DNSAPI.dll
0x0000000068f90000 - 0x0000000068fb6000 	C:\Program Files\Bonjour\mdnsNSP.dll
0x00007ff81fd40000 - 0x00007ff81fd4a000 	C:\Windows\System32\rasadhlp.dll
0x00007ff828e90000 - 0x00007ff828f14000 	C:\WINDOWS\System32\fwpuclnt.dll
0x00007ff8296c0000 - 0x00007ff8296c9000 	C:\Users\Usuario\.antigravity\extensions\redhat.java-1.50.0-win32-x64\jre\21.0.9-win32-x86_64\bin\extnet.dll

JVMTI agents:
c:\Users\Usuario\.antigravity\extensions\redhat.java-1.50.0-win32-x64\lombok\lombok-1.18.39-4050.jar path:c:\Users\Usuario\.antigravity\extensions\redhat.java-1.50.0-win32-x64\jre\21.0.9-win32-x86_64\bin\instrument.dll, loaded, initialized, instrumentlib options:none

dbghelp: loaded successfully - version: 4.0.5 - missing functions: none
symbol engine: initialized successfully - sym options: 0x614 - pdb path: .;c:\Users\Usuario\.antigravity\extensions\redhat.java-1.50.0-win32-x64\jre\21.0.9-win32-x86_64\bin;C:\WINDOWS\SYSTEM32;C:\WINDOWS\WinSxS\amd64_microsoft.windows.common-controls_6595b64144ccf1df_6.0.22621.5547_none_27104afb73855772;c:\Users\Usuario\.antigravity\extensions\redhat.java-1.50.0-win32-x64\jre\21.0.9-win32-x86_64\bin\server;C:\Users\Usuario\AppData\Roaming\Antigravity\User\globalStorage\redhat.java\1.50.0\config_win\org.eclipse.equinox.launcher\org.eclipse.equinox.launcher.win32.win32.x86_64_1.2.1400.v20250801-0854;C:\Users\Usuario\AppData\Local\Temp\jna-1531808526;C:\Program Files\Bonjour

VM Arguments:
jvm_args: --add-modules=ALL-SYSTEM --add-opens=java.base/java.util=ALL-UNNAMED --add-opens=java.base/java.lang=ALL-UNNAMED --add-opens=java.base/sun.nio.fs=ALL-UNNAMED -Declipse.application=org.eclipse.jdt.ls.core.id1 -Dosgi.bundles.defaultStartLevel=4 -Declipse.product=org.eclipse.jdt.ls.core.product -Djava.import.generatesMetadataFilesAtProjectRoot=false -DDetectVMInstallationsJob.disabled=true -Dfile.encoding=utf8 -XX:+UseParallelGC -XX:GCTimeRatio=4 -XX:AdaptiveSizePolicyWeight=90 -Dsun.zip.disableMemoryMapping=true -Xmx2G -Xms100m -Xlog:disable -javaagent:c:\Users\Usuario\.antigravity\extensions\redhat.java-1.50.0-win32-x64\lombok\lombok-1.18.39-4050.jar -XX:+HeapDumpOnOutOfMemoryError -XX:HeapDumpPath=c:\Users\Usuario\AppData\Roaming\Antigravity\User\workspaceStorage\3bbe0759929431d1c9bc6e734c835d28\redhat.java -Daether.dependencyCollector.impl=bf 
java_command: c:\Users\Usuario\.antigravity\extensions\redhat.java-1.50.0-win32-x64\server\plugins\org.eclipse.equinox.launcher_1.7.100.v20251111-0406.jar -configuration c:\Users\Usuario\AppData\Roaming\Antigravity\User\globalStorage\redhat.java\1.50.0\config_win -data c:\Users\Usuario\AppData\Roaming\Antigravity\User\workspaceStorage\3bbe0759929431d1c9bc6e734c835d28\redhat.java\jdt_ws --pipe=\\.\pipe\lsp-01d7d61e3235cd8587013b3b3f216efa-sock
java_class_path (initial): c:\Users\Usuario\.antigravity\extensions\redhat.java-1.50.0-win32-x64\server\plugins\org.eclipse.equinox.launcher_1.7.100.v20251111-0406.jar
Launcher Type: SUN_STANDARD

[Global flags]
    uintx AdaptiveSizePolicyWeight                 = 90                                        {product} {command line}
     intx CICompilerCount                          = 4                                         {product} {ergonomic}
    uintx GCTimeRatio                              = 4                                         {product} {command line}
     bool HeapDumpOnOutOfMemoryError               = true                                   {manageable} {command line}
    ccstr HeapDumpPath                             = c:\Users\Usuario\AppData\Roaming\Antigravity\User\workspaceStorage\3bbe0759929431d1c9bc6e734c835d28\redhat.java         {manageable} {command line}
   size_t InitialHeapSize                          = 104857600                                 {product} {command line}
   size_t MaxHeapSize                              = 2147483648                                {product} {command line}
   size_t MaxNewSize                               = 715653120                                 {product} {ergonomic}
   size_t MinHeapDeltaBytes                        = 524288                                    {product} {ergonomic}
   size_t MinHeapSize                              = 104857600                                 {product} {command line}
   size_t NewSize                                  = 34603008                                  {product} {ergonomic}
    uintx NonNMethodCodeHeapSize                   = 5839372                                {pd product} {ergonomic}
    uintx NonProfiledCodeHeapSize                  = 122909434                              {pd product} {ergonomic}
   size_t OldSize                                  = 70254592                                  {product} {ergonomic}
    uintx ProfiledCodeHeapSize                     = 122909434                              {pd product} {ergonomic}
    uintx ReservedCodeCacheSize                    = 251658240                              {pd product} {ergonomic}
     bool SegmentedCodeCache                       = true                                      {product} {ergonomic}
   size_t SoftMaxHeapSize                          = 2147483648                             {manageable} {ergonomic}
     bool UseCompressedOops                        = true                           {product lp64_product} {ergonomic}
     bool UseLargePagesIndividualAllocation        = false                                  {pd product} {ergonomic}
     bool UseParallelGC                            = true                                      {product} {command line}

Logging:
Log output configuration:
 #0: stdout all=off uptime,level,tags foldmultilines=false
 #1: stderr all=off uptime,level,tags foldmultilines=false

Release file:
JAVA_VERSION="21.0.9" 
MODULES="java.base java.compiler java.datatransfer java.xml java.prefs java.desktop java.instrument java.logging java.management java.security.sasl java.naming java.rmi java.management.rmi java.net.http java.scripting java.security.jgss java.transaction.xa java.sql java.sql.rowset java.xml.crypto java.se java.smartcardio jdk.accessibility jdk.internal.jvmstat jdk.attach jdk.charsets jdk.internal.opt jdk.zipfs jdk.compiler jdk.crypto.ec jdk.crypto.cryptoki jdk.crypto.mscapi jdk.dynalink jdk.internal.ed jdk.editpad jdk.hotspot.agent jdk.httpserver jdk.internal.le jdk.internal.vm.ci jdk.internal.vm.compiler jdk.internal.vm.compiler.management jdk.jartool jdk.javadoc jdk.jcmd jdk.management jdk.management.agent jdk.jconsole jdk.jdeps jdk.jdwp.agent jdk.jdi jdk.jfr jdk.jshell jdk.jsobject jdk.jstatd jdk.localedata jdk.management.jfr jdk.naming.dns jdk.naming.rmi jdk.net jdk.nio.mapmode jdk.random jdk.sctp jdk.security.auth jdk.security.jgss jdk.unsupported jdk.unsupported.desktop jdk.xml.dom" 

Environment Variables:
JAVA_HOME=C:\Program Files\Microsoft\jdk-17.0.17.10-hotspot\
PATH=C:\Program Files\Microsoft\jdk-17.0.17.10-hotspot\bin;C:\WINDOWS\system32;C:\WINDOWS;C:\WINDOWS\System32\Wbem;C:\WINDOWS\System32\WindowsPowerShell\v1.0\;C:\WINDOWS\System32\OpenSSH\;C:\Program Files\Git\cmd;C:\Program Files\Microsoft SQL Server\150\Tools\Binn\;C:\Program Files\nodejs\;C:\xampp\php;C:\ProgramData\ComposerSetup\bin;C:\Users\Usuario\AppData\Local\Microsoft\WindowsApps;C:\Users\Usuario\AppData\Local\Programs\Microsoft VS Code\bin;C:\Users\Usuario\AppData\Roaming\npm;C:\Users\Usuario\OneDrive\Documentos\flutter\bin;C:\Users\Usuario\OneDrive\Documentos\flutter\bin;C:\Users\Usuario\AppData\Roaming\Composer\vendor\bin;C:\Users\Usuario\AppData\Local\Programs\Antigravity\bin
USERNAME=Usuario
OS=Windows_NT
PROCESSOR_IDENTIFIER=Intel64 Family 6 Model 142 Stepping 10, GenuineIntel
TMP=C:\Users\Usuario\AppData\Local\Temp
TEMP=C:\Users\Usuario\AppData\Local\Temp




Periodic native trim disabled

---------------  S Y S T E M  ---------------

OS:
 Windows 11 , 64 bit Build 22621 (10.0.22621.5415)
OS uptime: 0 days 0:28 hours
Hyper-V role detected

CPU: total 8 (initial active 8) (4 cores per cpu, 2 threads per core) family 6 model 142 stepping 10 microcode 0xf6, cx8, cmov, fxsr, ht, mmx, 3dnowpref, sse, sse2, sse3, ssse3, sse4.1, sse4.2, popcnt, lzcnt, tsc, tscinvbit, avx, avx2, aes, erms, clmul, bmi1, bmi2, adx, fma, vzeroupper, clflush, clflushopt, hv, rdtscp, f16c
Processor Information for processor 0
  Max Mhz: 1800, Current Mhz: 1500, Mhz Limit: 1584
Processor Information for processor 1
  Max Mhz: 1800, Current Mhz: 1500, Mhz Limit: 1584
Processor Information for processor 2
  Max Mhz: 1800, Current Mhz: 1500, Mhz Limit: 1584
Processor Information for processor 3
  Max Mhz: 1800, Current Mhz: 1600, Mhz Limit: 1584
Processor Information for processor 4
  Max Mhz: 1800, Current Mhz: 1600, Mhz Limit: 1584
Processor Information for processor 5
  Max Mhz: 1800, Current Mhz: 1600, Mhz Limit: 1584
Processor Information for processor 6
  Max Mhz: 1800, Current Mhz: 1600, Mhz Limit: 1584
Processor Information for processor 7
  Max Mhz: 1800, Current Mhz: 1500, Mhz Limit: 1584

Memory: 4k page, system-wide physical 8051M (447M free)
TotalPageFile size 14608M (AvailPageFile size 0M)
current process WorkingSet (physical memory assigned to process): 123M, peak: 245M
current process commit charge ("private bytes"): 331M, peak: 359M

vm_info: OpenJDK 64-Bit Server VM (21.0.9+10-LTS) for windows-amd64 JRE (21.0.9+10-LTS), built on 2025-10-21T00:00:00Z by "admin" with unknown MS VC++:1942

END.
